=== Configuration (1, 24, 4096) - 24 Processes ===
Date: Tue Jun 17 19:23:43 CEST 2025
Node: ant15

=== Hardware Specifications ===
CPU Information:
CPU(s):                               48
On-line CPU(s) list:                  0-47
Model name:                           AMD EPYC 7443 24-Core Processor
Thread(s) per core:                   2
Core(s) per socket:                   24
Socket(s):                            1
CPU(s) scaling MHz:                   71%
NUMA node0 CPU(s):                    0-47

Memory Information:
               total        used        free      shared  buff/cache   available
Mem:           125Gi       5.1Gi       119Gi       2.4Gi       3.8Gi       120Gi
Swap:          4.0Gi       2.0Mi       4.0Gi

Node Details:
   CPUAlloc=48 CPUEfctv=48 CPUTot=48 CPULoad=0.07
   AvailableFeatures=epyc3
   ActiveFeatures=epyc3
   RealMemory=120536 AllocMem=98304 FreeMem=122620 Sockets=1 Boards=1

=== Performance Measurement ===
Benchmark 1: srun --mpi=pmi2 ./partdiff 24 2 4096 2 80
  Time (mean ± σ):     38.975 s ±  0.446 s    [User: 0.005 s, System: 0.005 s]
  Range (min … max):   38.628 s … 39.477 s    3 runs
 
