=== Configuration (1, 12, 2896) - 12 Processes ===
Date: Tue Jun 17 19:25:43 CEST 2025
Node: ant13

=== Hardware Specifications ===
CPU Information:
CPU(s):                               48
On-line CPU(s) list:                  0-47
Model name:                           AMD EPYC 7443 24-Core Processor
Thread(s) per core:                   2
Core(s) per socket:                   24
Socket(s):                            1
CPU(s) scaling MHz:                   74%
NUMA node0 CPU(s):                    0-47

Memory Information:
               total        used        free      shared  buff/cache   available
Mem:           125Gi       4.2Gi       120Gi       1.3Gi       3.0Gi       121Gi
Swap:          4.0Gi       0.0Ki       4.0Gi

Node Details:
   CPUAlloc=48 CPUEfctv=48 CPUTot=48 CPULoad=7.93
   AvailableFeatures=epyc3
   ActiveFeatures=epyc3
   RealMemory=120536 AllocMem=98304 FreeMem=123340 Sockets=1 Boards=1

=== Performance Measurement ===
Benchmark 1: srun --mpi=pmi2 ./partdiff 12 2 2896 2 80
  Time (mean ± σ):     33.469 s ±  0.127 s    [User: 0.004 s, System: 0.006 s]
  Range (min … max):   33.368 s … 33.612 s    3 runs
 
