=== Configuration (1, 6, 2048) - 6 Processes ===
Date: Tue Jun 17 19:25:43 CEST 2025
Node: ant14

=== Hardware Specifications ===
CPU Information:
CPU(s):                               48
On-line CPU(s) list:                  0-47
Model name:                           AMD EPYC 7443 24-Core Processor
Thread(s) per core:                   2
Core(s) per socket:                   24
Socket(s):                            1
CPU(s) scaling MHz:                   72%
NUMA node0 CPU(s):                    0-47

Memory Information:
               total        used        free      shared  buff/cache   available
Mem:           125Gi       4.1Gi       120Gi       1.3Gi       2.9Gi       121Gi
Swap:          4.0Gi       1.0Mi       4.0Gi

Node Details:
   CPUAlloc=48 CPUEfctv=48 CPUTot=48 CPULoad=0.00
   AvailableFeatures=epyc3
   ActiveFeatures=epyc3
   RealMemory=120536 AllocMem=98304 FreeMem=123560 Sockets=1 Boards=1

=== Performance Measurement ===
Benchmark 1: srun --mpi=pmi2 ./partdiff 6 2 2048 2 80
  Time (mean ± σ):     31.771 s ±  0.432 s    [User: 0.004 s, System: 0.005 s]
  Range (min … max):   31.485 s … 32.268 s    3 runs
 
