=== Configuration (1, 1, 836) - Serial Baseline ===
Date: Tue Jun 17 19:25:43 CEST 2025
Node: ant18

=== Hardware Specifications ===
CPU Information:
CPU(s):                               48
On-line CPU(s) list:                  0-47
Model name:                           AMD EPYC 7443 24-Core Processor
Thread(s) per core:                   2
Core(s) per socket:                   24
Socket(s):                            1
CPU(s) scaling MHz:                   73%
NUMA node0 CPU(s):                    0-47

Memory Information:
               total        used        free      shared  buff/cache   available
Mem:           125Gi       5.2Gi       119Gi       2.4Gi       3.9Gi       119Gi
Swap:          4.0Gi          0B       4.0Gi

Node Details:
   CPUAlloc=48 CPUEfctv=48 CPUTot=48 CPULoad=0.00
   AvailableFeatures=epyc3
   ActiveFeatures=epyc3
   RealMemory=120536 AllocMem=98304 FreeMem=122437 Sockets=1 Boards=1

=== Performance Measurement ===
Benchmark 1: srun --mpi=pmi2 ./partdiff 1 2 836 2 80
  Time (mean ± σ):     31.262 s ±  0.035 s    [User: 0.004 s, System: 0.005 s]
  Range (min … max):   31.236 s … 31.302 s    3 runs
 
